<?xml version="1.0" encoding="UTF-8"?>
<!-- Generated by org.testng.reporters.JUnitReportReporter -->
<testsuite skipped="0" hostname="Abdul_Rehman" name="com.elf.test.Createcust" tests="1" failures="0" timestamp="27 Jul 2020 15:45:54 GMT" time="0.016" errors="0">
  <testcase name="createcust" time="0.016" classname="com.elf.test.Createcust"/>
</testsuite> <!-- com.elf.test.Createcust -->
